PRINTING YOUR NHITS FOR FILE ./processing_roots/DCMProcessed_0000015158_000.root
FOUND A GTID OF INTEREST: IS7432879
TOTAL NUM. CALPMTs IN EVENT: 33RUNNING FTS CUT...
#NUM OF CALIBRATED PMTS: 33
NUMBER OF PAIRS: 102
DELTAT MEDIAN(NS): 5.9429
IS CLEAN?1
FLAG APPLIED:prescalecut
FLAG APPLIED:tpmuonfollowercut-long
FLAG APPLIED:waterblindlow2
FLAG APPLIED:waterblindhigh5
FOUND A GTID OF INTEREST: IS7432880
TOTAL NUM. CALPMTs IN EVENT: 11RUNNING FTS CUT...
#NUM OF CALIBRATED PMTS: 11
NUMBER OF PAIRS: 3
DELTAT MEDIAN(NS): -17296.3
IS CLEAN?1
FLAG APPLIED:prescalecut
FLAG APPLIED:tpmuonfollowercut-long
FLAG APPLIED:waterblindlow2
FLAG APPLIED:waterblindhigh5
FOUND A GTID OF INTEREST: IS7432881
TOTAL NUM. CALPMTs IN EVENT: 56RUNNING FTS CUT...
#NUM OF CALIBRATED PMTS: 56
NUMBER OF PAIRS: 27
DELTAT MEDIAN(NS): 9.90849
IS CLEAN?0
FLAG APPLIED:prescalecut
FLAG APPLIED:ftscut
FLAG APPLIED:tpmuonfollowercut-long
FLAG APPLIED:waterblindlow2
FOUND A GTID OF INTEREST: IS7432882
TOTAL NUM. CALPMTs IN EVENT: 29RUNNING FTS CUT...
#NUM OF CALIBRATED PMTS: 29
NUMBER OF PAIRS: 25
DELTAT MEDIAN(NS): 10.1121
IS CLEAN?0
FLAG APPLIED:prescalecut
FLAG APPLIED:ftscut
FLAG APPLIED:tpmuonfollowercut-long
FLAG APPLIED:waterblindlow2
FLAG APPLIED:waterblindhigh5
FOUND A GTID OF INTEREST: IS7432883
TOTAL NUM. CALPMTs IN EVENT: 44RUNNING FTS CUT...
#NUM OF CALIBRATED PMTS: 44
NUMBER OF PAIRS: 10
DELTAT MEDIAN(NS): -17296.3
IS CLEAN?1
FLAG APPLIED:prescalecut
FLAG APPLIED:tpmuonfollowercut-long
FLAG APPLIED:waterblindlow2
FOUND A GTID OF INTEREST: IS7432884
TOTAL NUM. CALPMTs IN EVENT: 32RUNNING FTS CUT...
#NUM OF CALIBRATED PMTS: 32
NUMBER OF PAIRS: 45
DELTAT MEDIAN(NS): 12.58
IS CLEAN?0
FLAG APPLIED:ftscut
FLAG APPLIED:itctimespreadcut
FLAG APPLIED:tpmuonfollowercut-long
FLAG APPLIED:waterblindlow2
FLAG APPLIED:waterblindhigh5
FOUND A GTID OF INTEREST: IS7432885
TOTAL NUM. CALPMTs IN EVENT: 25RUNNING FTS CUT...
#NUM OF CALIBRATED PMTS: 25
NUMBER OF PAIRS: 6
DELTAT MEDIAN(NS): -17296.3
IS CLEAN?1
FLAG APPLIED:prescalecut
FLAG APPLIED:itctimespreadcut
FLAG APPLIED:tpmuonfollowercut-long
FLAG APPLIED:waterblindlow2
FLAG APPLIED:waterblindhigh5
FOUND A GTID OF INTEREST: IS7432886
TOTAL NUM. CALPMTs IN EVENT: 20RUNNING FTS CUT...
#NUM OF CALIBRATED PMTS: 20
NUMBER OF PAIRS: 8
DELTAT MEDIAN(NS): -17296.3
IS CLEAN?1
FLAG APPLIED:prescalecut
FLAG APPLIED:tpmuonfollowercut-long
FLAG APPLIED:waterblindlow2
FLAG APPLIED:waterblindhigh5
